<?xml version="1.0" encoding="UTF-8"?>
<testsuite name="uk.gov.hmcts.reform.professionalapi.infrastructure.controllers.advice.ExceptionMapperTest" tests="2" skipped="0" failures="0" errors="0" timestamp="2019-04-24T10:45:02" hostname="LTGB07153" time="0.26">
  <properties/>
  <testcase name="should_handle_exception" classname="uk.gov.hmcts.reform.professionalapi.infrastructure.controllers.advice.ExceptionMapperTest" time="0.189"/>
  <testcase name="should_handle_empty_result_exception" classname="uk.gov.hmcts.reform.professionalapi.infrastructure.controllers.advice.ExceptionMapperTest" time="0.068"/>
  <system-out><![CDATA[2019-04-24 11:45:02.111  INFO   --- [    Test worker] u.g.h.r.p.i.c.advice.ExceptionMapper     : Exception: {}

org.mockito.codegen.Exception$MockitoMock$1467013890: null

2019-04-24 11:45:02.279  INFO   --- [    Test worker] u.g.h.r.p.i.c.advice.ExceptionMapper     : handling exception: null
]]></system-out>
  <system-err><![CDATA[]]></system-err>
</testsuite>
