<?xml version="1.0" encoding="UTF-8"?>
<testsuite name="uk.gov.hmcts.reform.professionalapi.domain.entities.ProfessionalUserTest" tests="1" skipped="0" failures="0" errors="0" timestamp="2019-04-24T10:44:59" hostname="LTGB07153" time="0.114">
  <properties/>
  <testcase name="creates_professional_user_correctly" classname="uk.gov.hmcts.reform.professionalapi.domain.entities.ProfessionalUserTest" time="0.114"/>
  <system-out><![CDATA[]]></system-out>
  <system-err><![CDATA[]]></system-err>
</testsuite>
