<?xml version="1.0" encoding="UTF-8"?>
<testsuite name="uk.gov.hmcts.reform.professionalapi.domain.service.OrganisationServiceTest" tests="1" skipped="0" failures="0" errors="0" timestamp="2019-04-24T10:45:01" hostname="LTGB07153" time="0.219">
  <properties/>
  <testcase name="saves_an_organisation" classname="uk.gov.hmcts.reform.professionalapi.domain.service.OrganisationServiceTest" time="0.219"/>
  <system-out><![CDATA[]]></system-out>
  <system-err><![CDATA[]]></system-err>
</testsuite>
