<?xml version="1.0" encoding="UTF-8"?>
<testsuite name="uk.gov.hmcts.reform.professionalapi.infrastructure.controllers.request.OrganisationCreationRequestTest" tests="1" skipped="0" failures="0" errors="0" timestamp="2019-04-24T10:45:03" hostname="LTGB07153" time="0.243">
  <properties/>
  <testcase name="has_mandatory_fields_specified_not_null" classname="uk.gov.hmcts.reform.professionalapi.infrastructure.controllers.request.OrganisationCreationRequestTest" time="0.243"/>
  <system-out><![CDATA[]]></system-out>
  <system-err><![CDATA[]]></system-err>
</testsuite>
