<?xml version="1.0" encoding="UTF-8"?>
<testsuite name="uk.gov.hmcts.reform.professionalapi.infrastructure.controllers.WelcomeControllerTest" tests="1" skipped="0" failures="0" errors="0" timestamp="2019-04-23T13:00:45" hostname="LTGB07105" time="0.026">
  <properties/>
  <testcase name="should_return_welcome_response" classname="uk.gov.hmcts.reform.professionalapi.infrastructure.controllers.WelcomeControllerTest" time="0.026"/>
  <system-out><![CDATA[2019-04-23 14:00:45.525  INFO   --- [    Test worker] u.g.h.r.p.i.c.WelcomeController          : Welcome message 'Welcome to the System Reference Data API' from running instance: af61ce7c-93e3-4814-a0db-2f1bb6364f5a
]]></system-out>
  <system-err><![CDATA[]]></system-err>
</testsuite>
