<?xml version="1.0" encoding="UTF-8"?>
<testsuite name="uk.gov.hmcts.reform.professionalapi.infrastructure.controllers.request.UserCreationRequestTest" tests="1" skipped="0" failures="0" errors="0" timestamp="2019-04-23T13:00:45" hostname="LTGB07105" time="0.011">
  <properties/>
  <testcase name="has_mandatory_fields_specified_not_null" classname="uk.gov.hmcts.reform.professionalapi.infrastructure.controllers.request.UserCreationRequestTest" time="0.011"/>
  <system-out><![CDATA[]]></system-out>
  <system-err><![CDATA[]]></system-err>
</testsuite>
