<?xml version="1.0" encoding="UTF-8"?>
<testsuite name="uk.gov.hmcts.reform.professionalapi.infrastructure.serialization.StdSerializerTest" tests="2" skipped="0" failures="0" errors="0" timestamp="2019-04-23T13:00:46" hostname="LTGB07105" time="0.032">
  <properties/>
  <testcase name="should_convert_checked_exception_to_runtime_on_error" classname="uk.gov.hmcts.reform.professionalapi.infrastructure.serialization.StdSerializerTest" time="0.032"/>
  <testcase name="should_serialize_argument_to_string" classname="uk.gov.hmcts.reform.professionalapi.infrastructure.serialization.StdSerializerTest" time="0.0"/>
  <system-out><![CDATA[]]></system-out>
  <system-err><![CDATA[]]></system-err>
</testsuite>
