<?xml version="1.0" encoding="UTF-8"?>
<testsuite name="uk.gov.hmcts.reform.professionalapi.domain.entities.ProfessionalUserTest" tests="1" skipped="0" failures="0" errors="0" timestamp="2019-04-23T13:00:42" hostname="LTGB07105" time="0.084">
  <properties/>
  <testcase name="creates_professional_user_correctly" classname="uk.gov.hmcts.reform.professionalapi.domain.entities.ProfessionalUserTest" time="0.084"/>
  <system-out><![CDATA[]]></system-out>
  <system-err><![CDATA[]]></system-err>
</testsuite>
