<?xml version="1.0" encoding="UTF-8"?>
<testsuite name="uk.gov.hmcts.reform.professionalapi.infrastructure.security.JwtAccessTokenDecoderTest" tests="4" skipped="0" failures="0" errors="0" timestamp="2019-04-24T10:45:04" hostname="LTGB07153" time="0.412">
  <properties/>
  <testcase name="wraps_deserialization_exceptions" classname="uk.gov.hmcts.reform.professionalapi.infrastructure.security.JwtAccessTokenDecoderTest" time="0.37"/>
  <testcase name="can_decode_token_with_bearer_marker_and_return_claims" classname="uk.gov.hmcts.reform.professionalapi.infrastructure.security.JwtAccessTokenDecoderTest" time="0.036"/>
  <testcase name="wraps_decode_exceptions" classname="uk.gov.hmcts.reform.professionalapi.infrastructure.security.JwtAccessTokenDecoderTest" time="0.002"/>
  <testcase name="can_decode_token_and_return_claims" classname="uk.gov.hmcts.reform.professionalapi.infrastructure.security.JwtAccessTokenDecoderTest" time="0.002"/>
  <system-out><![CDATA[]]></system-out>
  <system-err><![CDATA[]]></system-err>
</testsuite>
